0 info it worked if it ends with ok
1 verbose cli [ '/usr/local/Cellar/node/4.1.2/bin/node',
1 verbose cli   '/usr/local/bin/npm',
1 verbose cli   'install',
1 verbose cli   'npm-container' ]
2 info using npm@2.14.6
3 info using node@v4.1.2
4 verbose config Skipping project config: /Users/eventforte_mimi/.npmrc. (matches userconfig)
5 verbose install initial load of /Users/eventforte_mimi/package.json
6 verbose installManyTop reading scoped package data from /Users/eventforte_mimi/node_modules/babel/package.json
7 verbose installManyTop reading scoped package data from /Users/eventforte_mimi/node_modules/body-parser/package.json
8 verbose installManyTop reading scoped package data from /Users/eventforte_mimi/node_modules/cookie-parser/package.json
9 verbose installManyTop reading scoped package data from /Users/eventforte_mimi/node_modules/express/package.json
10 verbose installManyTop reading scoped package data from /Users/eventforte_mimi/node_modules/forever/package.json
11 verbose installManyTop reading scoped package data from /Users/eventforte_mimi/node_modules/multer/package.json
12 verbose installManyTop reading scoped package data from /Users/eventforte_mimi/node_modules/node-static/package.json
13 verbose installManyTop reading scoped package data from /Users/eventforte_mimi/node_modules/querystring/package.json
14 verbose installManyTop reading scoped package data from /Users/eventforte_mimi/node_modules/redis/package.json
15 verbose installManyTop reading scoped package data from /Users/eventforte_mimi/node_modules/websocket/package.json
16 verbose installManyTop reading scoped package data from /Users/eventforte_mimi/node_modules/yeoman/package.json
17 info package.json yeoman@0.9.6 No license field.
18 info package.json querystring@0.2.0 querystring is also the name of a node core module.
19 info package.json querystring@0.2.0 No license field.
20 info package.json forever@0.14.1 No license field.
21 verbose readDependencies loading dependencies from /Users/eventforte_mimi/package.json
22 silly cache add args [ 'npm-container', null ]
23 verbose cache add spec npm-container
24 silly cache add parsed spec Result {
24 silly cache add   raw: 'npm-container',
24 silly cache add   scope: null,
24 silly cache add   name: 'npm-container',
24 silly cache add   rawSpec: '',
24 silly cache add   spec: '*',
24 silly cache add   type: 'range' }
25 silly addNamed npm-container@*
26 verbose addNamed "*" is a valid semver range for npm-container
27 silly addNameRange { name: 'npm-container', range: '*', hasData: false }
28 silly mapToRegistry name npm-container
29 silly mapToRegistry using default registry
30 silly mapToRegistry registry https://registry.npmjs.org/
31 silly mapToRegistry uri https://registry.npmjs.org/npm-container
32 verbose addNameRange registry:https://registry.npmjs.org/npm-container not in flight; fetching
33 verbose request uri https://registry.npmjs.org/npm-container
34 verbose request no auth needed
35 info attempt registry request try #1 at 10:50:41 PM
36 verbose request id 826cca91cae75a46
37 http request GET https://registry.npmjs.org/npm-container
38 http 404 https://registry.npmjs.org/npm-container
39 verbose headers { 'content-type': 'application/json',
39 verbose headers   'cache-control': 'max-age=0',
39 verbose headers   'content-length': '2',
39 verbose headers   'accept-ranges': 'bytes',
39 verbose headers   date: 'Mon, 02 Nov 2015 06:50:42 GMT',
39 verbose headers   via: '1.1 varnish',
39 verbose headers   age: '0',
39 verbose headers   connection: 'keep-alive',
39 verbose headers   'x-served-by': 'cache-lax1433-LAX',
39 verbose headers   'x-cache': 'MISS',
39 verbose headers   'x-cache-hits': '0',
39 verbose headers   'x-timer': 'S1446447041.795429,VS0,VE339' }
40 silly get cb [ 404,
40 silly get   { 'content-type': 'application/json',
40 silly get     'cache-control': 'max-age=0',
40 silly get     'content-length': '2',
40 silly get     'accept-ranges': 'bytes',
40 silly get     date: 'Mon, 02 Nov 2015 06:50:42 GMT',
40 silly get     via: '1.1 varnish',
40 silly get     age: '0',
40 silly get     connection: 'keep-alive',
40 silly get     'x-served-by': 'cache-lax1433-LAX',
40 silly get     'x-cache': 'MISS',
40 silly get     'x-cache-hits': '0',
40 silly get     'x-timer': 'S1446447041.795429,VS0,VE339' } ]
41 verbose stack Error: Registry returned 404 for GET on https://registry.npmjs.org/npm-container
41 verbose stack     at makeError (/usr/local/lib/node_modules/npm/node_modules/npm-registry-client/lib/request.js:264:12)
41 verbose stack     at CachingRegistryClient.<anonymous> (/usr/local/lib/node_modules/npm/node_modules/npm-registry-client/lib/request.js:242:14)
41 verbose stack     at Request._callback (/usr/local/lib/node_modules/npm/node_modules/npm-registry-client/lib/request.js:172:14)
41 verbose stack     at Request.self.callback (/usr/local/lib/node_modules/npm/node_modules/request/request.js:198:22)
41 verbose stack     at emitTwo (events.js:87:13)
41 verbose stack     at Request.emit (events.js:172:7)
41 verbose stack     at Request.<anonymous> (/usr/local/lib/node_modules/npm/node_modules/request/request.js:1063:14)
41 verbose stack     at emitOne (events.js:82:20)
41 verbose stack     at Request.emit (events.js:169:7)
41 verbose stack     at IncomingMessage.<anonymous> (/usr/local/lib/node_modules/npm/node_modules/request/request.js:1009:12)
42 verbose statusCode 404
43 verbose pkgid npm-container
44 verbose cwd /Users/eventforte_mimi/Documents/dev/meteor/meteor-games/.meteor
45 error Darwin 14.5.0
46 error argv "/usr/local/Cellar/node/4.1.2/bin/node" "/usr/local/bin/npm" "install" "npm-container"
47 error node v4.1.2
48 error npm  v2.14.6
49 error code E404
50 error 404 Registry returned 404 for GET on https://registry.npmjs.org/npm-container
50 error 404
50 error 404 'npm-container' is not in the npm registry.
50 error 404 You should bug the author to publish it (or use the name yourself!)
50 error 404
50 error 404 Note that you can also install from a
50 error 404 tarball, folder, http url, or git url.
51 verbose exit [ 1, true ]
